<?xml version="1.0" encoding="UTF-8"?>
<!-- Generated by org.testng.reporters.JUnitReportReporter -->
<testsuite hostname="PRAFULLADESKTOP" failures="0" tests="1" name="PM.TestCases.RegisterTest" time="4.358" errors="0" timestamp="2024-08-21T15:06:37 IST" skipped="0">
  <testcase classname="PM.TestCases.RegisterTest" name="Regsiter_WithEmptyField" time="4.358"/>
</testsuite> <!-- PM.TestCases.RegisterTest -->
